2026-06-13 15:50:05 [main] INFO  com.raja.aviator.AviatorCalculator - === Starting Aviator Simulation ===
2026-06-13 15:50:05 [main] INFO  com.raja.aviator.AviatorCalculator - Initial Balance: Rs. 2000.0
2026-06-13 15:50:05 [main] INFO  com.raja.aviator.AviatorCalculator - Reading source file: ./dataSource/all_new.txt
-----------------------------------
2026-06-13 15:50:05 [main] INFO  com.raja.aviator.AviatorCalculator -   1396 ❌ LOST! Crashed at 3.65x before reaching 100.00x | last100xBefore : 301 | New Balance: Rs. 1990.00
2026-06-13 15:50:05 [main] INFO  com.raja.aviator.AviatorCalculator -   1397 ❌ LOST! Crashed at 1.88x before reaching 100.00x | last100xBefore : 302 | New Balance: Rs. 1980.00
2026-06-13 15:50:05 [main] INFO  com.raja.aviator.AviatorCalculator -   1398 ❌ LOST! Crashed at 1.63x before reaching 100.00x | last100xBefore : 303 | New Balance: Rs. 1970.00
2026-06-13 15:50:05 [main] INFO  com.raja.aviator.AviatorCalculator -   1399 ❌ LOST! Crashed at 1.83x before reaching 100.00x | last100xBefore : 304 | New Balance: Rs. 1960.00
2026-06-13 15:50:05 [main] INFO  com.raja.aviator.AviatorCalculator -   1400 ❌ LOST! Crashed at 4.84x before reaching 100.00x | last100xBefore : 305 | New Balance: Rs. 1950.00
2026-06-13 15:50:05 [main] INFO  com.raja.aviator.AviatorCalculator -   1401 ❌ LOST! Crashed at 2.41x before reaching 100.00x | last100xBefore : 306 | New Balance: Rs. 1940.00
2026-06-13 15:50:05 [main] INFO  com.raja.aviator.AviatorCalculator -   1402 ❌ LOST! Crashed at 1.28x before reaching 100.00x | last100xBefore : 307 | New Balance: Rs. 1930.00
2026-06-13 15:50:05 [main] INFO  com.raja.aviator.AviatorCalculator -   1403 ❌ LOST! Crashed at 9.10x before reaching 100.00x | last100xBefore : 308 | New Balance: Rs. 1920.00
2026-06-13 15:50:05 [main] INFO  com.raja.aviator.AviatorCalculator -   1404 ❌ LOST! Crashed at 1.00x before reaching 100.00x | last100xBefore : 309 | New Balance: Rs. 1910.00
2026-06-13 15:50:05 [main] INFO  com.raja.aviator.AviatorCalculator -   1405 ❌ LOST! Crashed at 2.02x before reaching 100.00x | last100xBefore : 310 | New Balance: Rs. 1900.00
2026-06-13 15:50:05 [main] INFO  com.raja.aviator.AviatorCalculator -   1406 ❌ LOST! Crashed at 2.51x before reaching 100.00x | last100xBefore : 311 | New Balance: Rs. 1890.00
2026-06-13 15:50:05 [main] INFO  com.raja.aviator.AviatorCalculator -   1407 ❌ LOST! Crashed at 6.31x before reaching 100.00x | last100xBefore : 312 | New Balance: Rs. 1880.00
2026-06-13 15:50:05 [main] INFO  com.raja.aviator.AviatorCalculator -   1408 ❌ LOST! Crashed at 2.76x before reaching 100.00x | last100xBefore : 313 | New Balance: Rs. 1870.00
2026-06-13 15:50:05 [main] INFO  com.raja.aviator.AviatorCalculator -   1409 ❌ LOST! Crashed at 2.22x before reaching 100.00x | last100xBefore : 314 | New Balance: Rs. 1860.00
2026-06-13 15:50:05 [main] INFO  com.raja.aviator.AviatorCalculator -   1410 ❌ LOST! Crashed at 1.04x before reaching 100.00x | last100xBefore : 315 | New Balance: Rs. 1850.00
2026-06-13 15:50:05 [main] INFO  com.raja.aviator.AviatorCalculator -   1411 ❌ LOST! Crashed at 4.42x before reaching 100.00x | last100xBefore : 316 | New Balance: Rs. 1840.00
2026-06-13 15:50:05 [main] INFO  com.raja.aviator.AviatorCalculator -   1412 ❌ LOST! Crashed at 33.74x before reaching 100.00x | last100xBefore : 317 | New Balance: Rs. 1830.00
2026-06-13 15:50:05 [main] INFO  com.raja.aviator.AviatorCalculator -   1413 ❌ LOST! Crashed at 2.90x before reaching 100.00x | last100xBefore : 318 | New Balance: Rs. 1820.00
2026-06-13 15:50:05 [main] INFO  com.raja.aviator.AviatorCalculator -   1414 ❌ LOST! Crashed at 3.90x before reaching 100.00x | last100xBefore : 319 | New Balance: Rs. 1810.00
2026-06-13 15:50:05 [main] INFO  com.raja.aviator.AviatorCalculator -   1415 ❌ LOST! Crashed at 3.38x before reaching 100.00x | last100xBefore : 320 | New Balance: Rs. 1800.00
2026-06-13 15:50:05 [main] INFO  com.raja.aviator.AviatorCalculator -   1416 ❌ LOST! Crashed at 1.07x before reaching 100.00x | last100xBefore : 321 | New Balance: Rs. 1790.00
2026-06-13 15:50:05 [main] INFO  com.raja.aviator.AviatorCalculator -   1417 ❌ LOST! Crashed at 1.36x before reaching 100.00x | last100xBefore : 322 | New Balance: Rs. 1780.00
2026-06-13 15:50:05 [main] INFO  com.raja.aviator.AviatorCalculator -   1418 ❌ LOST! Crashed at 1.48x before reaching 100.00x | last100xBefore : 323 | New Balance: Rs. 1770.00
2026-06-13 15:50:05 [main] INFO  com.raja.aviator.AviatorCalculator -   1419 ❌ LOST! Crashed at 1.49x before reaching 100.00x | last100xBefore : 324 | New Balance: Rs. 1760.00
2026-06-13 15:50:05 [main] INFO  com.raja.aviator.AviatorCalculator -   1420 ❌ LOST! Crashed at 1.49x before reaching 100.00x | last100xBefore : 325 | New Balance: Rs. 1750.00
2026-06-13 15:50:05 [main] INFO  com.raja.aviator.AviatorCalculator -   1421 ❌ LOST! Crashed at 11.73x before reaching 100.00x | last100xBefore : 326 | New Balance: Rs. 1740.00
2026-06-13 15:50:05 [main] INFO  com.raja.aviator.AviatorCalculator -   1422 ❌ LOST! Crashed at 2.08x before reaching 100.00x | last100xBefore : 327 | New Balance: Rs. 1730.00
2026-06-13 15:50:05 [main] INFO  com.raja.aviator.AviatorCalculator -   1423 ❌ LOST! Crashed at 1.00x before reaching 100.00x | last100xBefore : 328 | New Balance: Rs. 1720.00
2026-06-13 15:50:05 [main] INFO  com.raja.aviator.AviatorCalculator -   1424 ❌ LOST! Crashed at 10.66x before reaching 100.00x | last100xBefore : 329 | New Balance: Rs. 1710.00
2026-06-13 15:50:05 [main] INFO  com.raja.aviator.AviatorCalculator -   1425 ❌ LOST! Crashed at 13.09x before reaching 100.00x | last100xBefore : 330 | New Balance: Rs. 1700.00
2026-06-13 15:50:05 [main] INFO  com.raja.aviator.AviatorCalculator -   1426 ❌ LOST! Crashed at 2.57x before reaching 100.00x | last100xBefore : 331 | New Balance: Rs. 1690.00
2026-06-13 15:50:05 [main] INFO  com.raja.aviator.AviatorCalculator -   1427 ❌ LOST! Crashed at 2.04x before reaching 100.00x | last100xBefore : 332 | New Balance: Rs. 1680.00
2026-06-13 15:50:05 [main] INFO  com.raja.aviator.AviatorCalculator -   1428 ❌ LOST! Crashed at 1.05x before reaching 100.00x | last100xBefore : 333 | New Balance: Rs. 1670.00
2026-06-13 15:50:05 [main] INFO  com.raja.aviator.AviatorCalculator -   1429 ❌ LOST! Crashed at 1.44x before reaching 100.00x | last100xBefore : 334 | New Balance: Rs. 1660.00
2026-06-13 15:50:05 [main] INFO  com.raja.aviator.AviatorCalculator -   1430 ❌ LOST! Crashed at 3.23x before reaching 100.00x | last100xBefore : 335 | New Balance: Rs. 1650.00
2026-06-13 15:50:05 [main] INFO  com.raja.aviator.AviatorCalculator -   1431 ❌ LOST! Crashed at 1.41x before reaching 100.00x | last100xBefore : 336 | New Balance: Rs. 1640.00
2026-06-13 15:50:05 [main] INFO  com.raja.aviator.AviatorCalculator -   1432 ❌ LOST! Crashed at 1.55x before reaching 100.00x | last100xBefore : 337 | New Balance: Rs. 1630.00
2026-06-13 15:50:05 [main] INFO  com.raja.aviator.AviatorCalculator -   1433 ❌ LOST! Crashed at 3.84x before reaching 100.00x | last100xBefore : 338 | New Balance: Rs. 1620.00
2026-06-13 15:50:05 [main] INFO  com.raja.aviator.AviatorCalculator -   1434 ❌ LOST! Crashed at 2.01x before reaching 100.00x | last100xBefore : 339 | New Balance: Rs. 1610.00
2026-06-13 15:50:05 [main] INFO  com.raja.aviator.AviatorCalculator -   1435 ❌ LOST! Crashed at 1.00x before reaching 100.00x | last100xBefore : 340 | New Balance: Rs. 1600.00
2026-06-13 15:50:05 [main] INFO  com.raja.aviator.AviatorCalculator -   1436 ❌ LOST! Crashed at 9.21x before reaching 100.00x | last100xBefore : 341 | New Balance: Rs. 1590.00
2026-06-13 15:50:05 [main] INFO  com.raja.aviator.AviatorCalculator -   1437 ❌ LOST! Crashed at 2.04x before reaching 100.00x | last100xBefore : 342 | New Balance: Rs. 1580.00
2026-06-13 15:50:05 [main] INFO  com.raja.aviator.AviatorCalculator -   1438 ❌ LOST! Crashed at 1.49x before reaching 100.00x | last100xBefore : 343 | New Balance: Rs. 1570.00
2026-06-13 15:50:05 [main] INFO  com.raja.aviator.AviatorCalculator -   1439 ❌ LOST! Crashed at 1.74x before reaching 100.00x | last100xBefore : 344 | New Balance: Rs. 1560.00
2026-06-13 15:50:05 [main] INFO  com.raja.aviator.AviatorCalculator -   1440 ❌ LOST! Crashed at 1.33x before reaching 100.00x | last100xBefore : 345 | New Balance: Rs. 1550.00
2026-06-13 15:50:05 [main] INFO  com.raja.aviator.AviatorCalculator -   1441 ❌ LOST! Crashed at 2.52x before reaching 100.00x | last100xBefore : 346 | New Balance: Rs. 1540.00
2026-06-13 15:50:05 [main] INFO  com.raja.aviator.AviatorCalculator -   1442 ❌ LOST! Crashed at 72.75x before reaching 100.00x | last100xBefore : 347 | New Balance: Rs. 1530.00
2026-06-13 15:50:05 [main] INFO  com.raja.aviator.AviatorCalculator -   1443 ❌ LOST! Crashed at 1.17x before reaching 100.00x | last100xBefore : 348 | New Balance: Rs. 1520.00
2026-06-13 15:50:05 [main] INFO  com.raja.aviator.AviatorCalculator -   1444 ❌ LOST! Crashed at 1.76x before reaching 100.00x | last100xBefore : 349 | New Balance: Rs. 1510.00
2026-06-13 15:50:05 [main] INFO  com.raja.aviator.AviatorCalculator -   1445 ❌ LOST! Crashed at 10.08x before reaching 100.00x | last100xBefore : 350 | New Balance: Rs. 1500.00
2026-06-13 15:50:05 [main] INFO  com.raja.aviator.AviatorCalculator -   1446 ❌ LOST! Crashed at 4.26x before reaching 100.00x | last100xBefore : 351 | New Balance: Rs. 1490.00
2026-06-13 15:50:05 [main] INFO  com.raja.aviator.AviatorCalculator -   1447 ❌ LOST! Crashed at 1.00x before reaching 100.00x | last100xBefore : 352 | New Balance: Rs. 1480.00
2026-06-13 15:50:05 [main] INFO  com.raja.aviator.AviatorCalculator -   1448 ❌ LOST! Crashed at 5.35x before reaching 100.00x | last100xBefore : 353 | New Balance: Rs. 1470.00
2026-06-13 15:50:05 [main] INFO  com.raja.aviator.AviatorCalculator -   1449 ❌ LOST! Crashed at 13.00x before reaching 100.00x | last100xBefore : 354 | New Balance: Rs. 1460.00
2026-06-13 15:50:05 [main] INFO  com.raja.aviator.AviatorCalculator -   1450 ❌ LOST! Crashed at 10.53x before reaching 100.00x | last100xBefore : 355 | New Balance: Rs. 1450.00
2026-06-13 15:50:05 [main] INFO  com.raja.aviator.AviatorCalculator -   1451 ❌ LOST! Crashed at 1.04x before reaching 100.00x | last100xBefore : 356 | New Balance: Rs. 1440.00
2026-06-13 15:50:05 [main] INFO  com.raja.aviator.AviatorCalculator -   1452 ❌ LOST! Crashed at 3.74x before reaching 100.00x | last100xBefore : 357 | New Balance: Rs. 1430.00
2026-06-13 15:50:05 [main] INFO  com.raja.aviator.AviatorCalculator -   1453 ❌ LOST! Crashed at 1.49x before reaching 100.00x | last100xBefore : 358 | New Balance: Rs. 1420.00
2026-06-13 15:50:05 [main] INFO  com.raja.aviator.AviatorCalculator -   1454 ❌ LOST! Crashed at 5.87x before reaching 100.00x | last100xBefore : 359 | New Balance: Rs. 1410.00
2026-06-13 15:50:05 [main] INFO  com.raja.aviator.AviatorCalculator -   1455 ❌ LOST! Crashed at 1.04x before reaching 100.00x | last100xBefore : 360 | New Balance: Rs. 1400.00
2026-06-13 15:50:05 [main] INFO  com.raja.aviator.AviatorCalculator -   1456 ❌ LOST! Crashed at 9.58x before reaching 100.00x | last100xBefore : 361 | New Balance: Rs. 1390.00
2026-06-13 15:50:05 [main] INFO  com.raja.aviator.AviatorCalculator -   1457 ❌ LOST! Crashed at 1.86x before reaching 100.00x | last100xBefore : 362 | New Balance: Rs. 1380.00
2026-06-13 15:50:05 [main] INFO  com.raja.aviator.AviatorCalculator -   1458 ❌ LOST! Crashed at 3.45x before reaching 100.00x | last100xBefore : 363 | New Balance: Rs. 1370.00
2026-06-13 15:50:05 [main] INFO  com.raja.aviator.AviatorCalculator -   1459 ❌ LOST! Crashed at 1.04x before reaching 100.00x | last100xBefore : 364 | New Balance: Rs. 1360.00
2026-06-13 15:50:05 [main] INFO  com.raja.aviator.AviatorCalculator -   1460 ❌ LOST! Crashed at 1.24x before reaching 100.00x | last100xBefore : 365 | New Balance: Rs. 1350.00
2026-06-13 15:50:05 [main] INFO  com.raja.aviator.AviatorCalculator -   1461 ❌ LOST! Crashed at 1.00x before reaching 100.00x | last100xBefore : 366 | New Balance: Rs. 1340.00
2026-06-13 15:50:05 [main] INFO  com.raja.aviator.AviatorCalculator -   1462 ❌ LOST! Crashed at 2.36x before reaching 100.00x | last100xBefore : 367 | New Balance: Rs. 1330.00
2026-06-13 15:50:05 [main] INFO  com.raja.aviator.AviatorCalculator -   1463 ❌ LOST! Crashed at 2.60x before reaching 100.00x | last100xBefore : 368 | New Balance: Rs. 1320.00
2026-06-13 15:50:05 [main] INFO  com.raja.aviator.AviatorCalculator -   1464 ❌ LOST! Crashed at 3.78x before reaching 100.00x | last100xBefore : 369 | New Balance: Rs. 1310.00
2026-06-13 15:50:05 [main] INFO  com.raja.aviator.AviatorCalculator -   1465 ❌ LOST! Crashed at 9.64x before reaching 100.00x | last100xBefore : 370 | New Balance: Rs. 1300.00
2026-06-13 15:50:05 [main] INFO  com.raja.aviator.AviatorCalculator -   1466 ❌ LOST! Crashed at 2.65x before reaching 100.00x | last100xBefore : 371 | New Balance: Rs. 1290.00
2026-06-13 15:50:05 [main] INFO  com.raja.aviator.AviatorCalculator -   1467 ❌ LOST! Crashed at 1.01x before reaching 100.00x | last100xBefore : 372 | New Balance: Rs. 1280.00
2026-06-13 15:50:05 [main] INFO  com.raja.aviator.AviatorCalculator -   1468 ❌ LOST! Crashed at 1.29x before reaching 100.00x | last100xBefore : 373 | New Balance: Rs. 1270.00
2026-06-13 15:50:05 [main] INFO  com.raja.aviator.AviatorCalculator -   1469 ❌ LOST! Crashed at 1.12x before reaching 100.00x | last100xBefore : 374 | New Balance: Rs. 1260.00
2026-06-13 15:50:05 [main] INFO  com.raja.aviator.AviatorCalculator -   1470 ❌ LOST! Crashed at 1.05x before reaching 100.00x | last100xBefore : 375 | New Balance: Rs. 1250.00
2026-06-13 15:50:05 [main] INFO  com.raja.aviator.AviatorCalculator -   1471 ❌ LOST! Crashed at 1.63x before reaching 100.00x | last100xBefore : 376 | New Balance: Rs. 1240.00
2026-06-13 15:50:05 [main] INFO  com.raja.aviator.AviatorCalculator -   1472 ❌ LOST! Crashed at 1.36x before reaching 100.00x | last100xBefore : 377 | New Balance: Rs. 1230.00
2026-06-13 15:50:05 [main] INFO  com.raja.aviator.AviatorCalculator -   1473 ❌ LOST! Crashed at 1.70x before reaching 100.00x | last100xBefore : 378 | New Balance: Rs. 1220.00
2026-06-13 15:50:05 [main] INFO  com.raja.aviator.AviatorCalculator -   1474 ❌ LOST! Crashed at 1.81x before reaching 100.00x | last100xBefore : 379 | New Balance: Rs. 1210.00
2026-06-13 15:50:05 [main] INFO  com.raja.aviator.AviatorCalculator -   1475 ❌ LOST! Crashed at 1.26x before reaching 100.00x | last100xBefore : 380 | New Balance: Rs. 1200.00
2026-06-13 15:50:05 [main] INFO  com.raja.aviator.AviatorCalculator -   1476 ❌ LOST! Crashed at 1.53x before reaching 100.00x | last100xBefore : 381 | New Balance: Rs. 1190.00
2026-06-13 15:50:05 [main] INFO  com.raja.aviator.AviatorCalculator -   1477 ❌ LOST! Crashed at 1.00x before reaching 100.00x | last100xBefore : 382 | New Balance: Rs. 1180.00
2026-06-13 15:50:05 [main] INFO  com.raja.aviator.AviatorCalculator -   1478 ❌ LOST! Crashed at 16.22x before reaching 100.00x | last100xBefore : 383 | New Balance: Rs. 1170.00
2026-06-13 15:50:05 [main] INFO  com.raja.aviator.AviatorCalculator -   1479 ❌ LOST! Crashed at 3.74x before reaching 100.00x | last100xBefore : 384 | New Balance: Rs. 1160.00
2026-06-13 15:50:05 [main] INFO  com.raja.aviator.AviatorCalculator -   1480 ❌ LOST! Crashed at 1.66x before reaching 100.00x | last100xBefore : 385 | New Balance: Rs. 1150.00
2026-06-13 15:50:05 [main] INFO  com.raja.aviator.AviatorCalculator -   1481 ❌ LOST! Crashed at 4.53x before reaching 100.00x | last100xBefore : 386 | New Balance: Rs. 1140.00
2026-06-13 15:50:05 [main] INFO  com.raja.aviator.AviatorCalculator -   1482 ❌ LOST! Crashed at 1.04x before reaching 100.00x | last100xBefore : 387 | New Balance: Rs. 1130.00
2026-06-13 15:50:05 [main] INFO  com.raja.aviator.AviatorCalculator -   1483 ❌ LOST! Crashed at 3.31x before reaching 100.00x | last100xBefore : 388 | New Balance: Rs. 1120.00
2026-06-13 15:50:05 [main] INFO  com.raja.aviator.AviatorCalculator -   1484 ❌ LOST! Crashed at 2.14x before reaching 100.00x | last100xBefore : 389 | New Balance: Rs. 1110.00
2026-06-13 15:50:05 [main] INFO  com.raja.aviator.AviatorCalculator -   1485 ❌ LOST! Crashed at 1.41x before reaching 100.00x | last100xBefore : 390 | New Balance: Rs. 1100.00
2026-06-13 15:50:05 [main] INFO  com.raja.aviator.AviatorCalculator -   1486 ❌ LOST! Crashed at 1.21x before reaching 100.00x | last100xBefore : 391 | New Balance: Rs. 1090.00
2026-06-13 15:50:05 [main] INFO  com.raja.aviator.AviatorCalculator -   1487 ❌ LOST! Crashed at 3.88x before reaching 100.00x | last100xBefore : 392 | New Balance: Rs. 1080.00
2026-06-13 15:50:05 [main] INFO  com.raja.aviator.AviatorCalculator -   1488 ❌ LOST! Crashed at 2.19x before reaching 100.00x | last100xBefore : 393 | New Balance: Rs. 1070.00
2026-06-13 15:50:05 [main] INFO  com.raja.aviator.AviatorCalculator -   1489 ❌ LOST! Crashed at 3.18x before reaching 100.00x | last100xBefore : 394 | New Balance: Rs. 1060.00
2026-06-13 15:50:05 [main] INFO  com.raja.aviator.AviatorCalculator -   1490 ❌ LOST! Crashed at 1.13x before reaching 100.00x | last100xBefore : 395 | New Balance: Rs. 1050.00
2026-06-13 15:50:05 [main] INFO  com.raja.aviator.AviatorCalculator -   1491 ❌ LOST! Crashed at 1.02x before reaching 100.00x | last100xBefore : 396 | New Balance: Rs. 1040.00
2026-06-13 15:50:05 [main] INFO  com.raja.aviator.AviatorCalculator -   1492 ❌ LOST! Crashed at 2.37x before reaching 100.00x | last100xBefore : 397 | New Balance: Rs. 1030.00
2026-06-13 15:50:05 [main] INFO  com.raja.aviator.AviatorCalculator -   1493 ❌ LOST! Crashed at 16.90x before reaching 100.00x | last100xBefore : 398 | New Balance: Rs. 1020.00
2026-06-13 15:50:05 [main] INFO  com.raja.aviator.AviatorCalculator -   1494 ❌ LOST! Crashed at 5.86x before reaching 100.00x | last100xBefore : 399 | New Balance: Rs. 1010.00
2026-06-13 15:50:05 [main] INFO  com.raja.aviator.AviatorCalculator -   1495 ❌ LOST! Crashed at 8.04x before reaching 100.00x | last100xBefore : 400 | New Balance: Rs. 1000.00
2026-06-13 15:50:05 [main] INFO  com.raja.aviator.AviatorCalculator -   1496 ❌ LOST! Crashed at 1.12x before reaching 100.00x | last100xBefore : 401 | New Balance: Rs. 990.00
2026-06-13 15:50:05 [main] INFO  com.raja.aviator.AviatorCalculator -   1497 ❌ LOST! Crashed at 1.19x before reaching 100.00x | last100xBefore : 402 | New Balance: Rs. 980.00
2026-06-13 15:50:05 [main] INFO  com.raja.aviator.AviatorCalculator -   1498 ❌ LOST! Crashed at 4.75x before reaching 100.00x | last100xBefore : 403 | New Balance: Rs. 970.00
2026-06-13 15:50:05 [main] INFO  com.raja.aviator.AviatorCalculator -   1499 ❌ LOST! Crashed at 2.09x before reaching 100.00x | last100xBefore : 404 | New Balance: Rs. 960.00
2026-06-13 15:50:05 [main] INFO  com.raja.aviator.AviatorCalculator -   1500 ❌ LOST! Crashed at 14.50x before reaching 100.00x | last100xBefore : 405 | New Balance: Rs. 950.00
2026-06-13 15:50:05 [main] INFO  com.raja.aviator.AviatorCalculator -   1501 ❌ LOST! Crashed at 3.73x before reaching 100.00x | last100xBefore : 406 | New Balance: Rs. 940.00
2026-06-13 15:50:05 [main] INFO  com.raja.aviator.AviatorCalculator -   1502 ❌ LOST! Crashed at 13.62x before reaching 100.00x | last100xBefore : 407 | New Balance: Rs. 930.00
2026-06-13 15:50:05 [main] INFO  com.raja.aviator.AviatorCalculator -   1503 ❌ LOST! Crashed at 2.08x before reaching 100.00x | last100xBefore : 408 | New Balance: Rs. 920.00
2026-06-13 15:50:05 [main] INFO  com.raja.aviator.AviatorCalculator -   1504 ❌ LOST! Crashed at 1.89x before reaching 100.00x | last100xBefore : 409 | New Balance: Rs. 910.00
2026-06-13 15:50:05 [main] INFO  com.raja.aviator.AviatorCalculator -   1505 ❌ LOST! Crashed at 1.45x before reaching 100.00x | last100xBefore : 410 | New Balance: Rs. 900.00
2026-06-13 15:50:05 [main] INFO  com.raja.aviator.AviatorCalculator -   1506 ❌ LOST! Crashed at 1.36x before reaching 100.00x | last100xBefore : 411 | New Balance: Rs. 890.00
2026-06-13 15:50:05 [main] INFO  com.raja.aviator.AviatorCalculator -   1507 ❌ LOST! Crashed at 3.59x before reaching 100.00x | last100xBefore : 412 | New Balance: Rs. 880.00
2026-06-13 15:50:05 [main] INFO  com.raja.aviator.AviatorCalculator -   1508 ❌ LOST! Crashed at 1.75x before reaching 100.00x | last100xBefore : 413 | New Balance: Rs. 870.00
2026-06-13 15:50:05 [main] INFO  com.raja.aviator.AviatorCalculator -   1509 ❌ LOST! Crashed at 1.20x before reaching 100.00x | last100xBefore : 414 | New Balance: Rs. 860.00
2026-06-13 15:50:05 [main] INFO  com.raja.aviator.AviatorCalculator -   1510 ❌ LOST! Crashed at 4.28x before reaching 100.00x | last100xBefore : 415 | New Balance: Rs. 850.00
2026-06-13 15:50:05 [main] INFO  com.raja.aviator.AviatorCalculator -   1511 ❌ LOST! Crashed at 1.96x before reaching 100.00x | last100xBefore : 416 | New Balance: Rs. 840.00
2026-06-13 15:50:05 [main] INFO  com.raja.aviator.AviatorCalculator -   1512 ❌ LOST! Crashed at 1.00x before reaching 100.00x | last100xBefore : 417 | New Balance: Rs. 830.00
2026-06-13 15:50:05 [main] INFO  com.raja.aviator.AviatorCalculator -   1513 ❌ LOST! Crashed at 14.13x before reaching 100.00x | last100xBefore : 418 | New Balance: Rs. 820.00
2026-06-13 15:50:05 [main] INFO  com.raja.aviator.AviatorCalculator -   1514 ❌ LOST! Crashed at 1.19x before reaching 100.00x | last100xBefore : 419 | New Balance: Rs. 810.00
2026-06-13 15:50:05 [main] INFO  com.raja.aviator.AviatorCalculator -   1515 ❌ LOST! Crashed at 2.44x before reaching 100.00x | last100xBefore : 420 | New Balance: Rs. 800.00
2026-06-13 15:50:05 [main] INFO  com.raja.aviator.AviatorCalculator -   1516 ❌ LOST! Crashed at 2.11x before reaching 100.00x | last100xBefore : 421 | New Balance: Rs. 790.00
2026-06-13 15:50:05 [main] INFO  com.raja.aviator.AviatorCalculator -   1517 ❌ LOST! Crashed at 4.71x before reaching 100.00x | last100xBefore : 422 | New Balance: Rs. 780.00
2026-06-13 15:50:05 [main] INFO  com.raja.aviator.AviatorCalculator -   1518 ❌ LOST! Crashed at 1.08x before reaching 100.00x | last100xBefore : 423 | New Balance: Rs. 770.00
2026-06-13 15:50:05 [main] INFO  com.raja.aviator.AviatorCalculator -   1519 ❌ LOST! Crashed at 8.25x before reaching 100.00x | last100xBefore : 424 | New Balance: Rs. 760.00
2026-06-13 15:50:05 [main] INFO  com.raja.aviator.AviatorCalculator -   1520 ❌ LOST! Crashed at 3.23x before reaching 100.00x | last100xBefore : 425 | New Balance: Rs. 750.00
2026-06-13 15:50:05 [main] INFO  com.raja.aviator.AviatorCalculator -   1521 ❌ LOST! Crashed at 1.22x before reaching 100.00x | last100xBefore : 426 | New Balance: Rs. 740.00
2026-06-13 15:50:05 [main] INFO  com.raja.aviator.AviatorCalculator -   1522 ❌ LOST! Crashed at 1.38x before reaching 100.00x | last100xBefore : 427 | New Balance: Rs. 730.00
2026-06-13 15:50:05 [main] INFO  com.raja.aviator.AviatorCalculator -   1523 ❌ LOST! Crashed at 1.35x before reaching 100.00x | last100xBefore : 428 | New Balance: Rs. 720.00
2026-06-13 15:50:05 [main] INFO  com.raja.aviator.AviatorCalculator -   1524 ❌ LOST! Crashed at 2.00x before reaching 100.00x | last100xBefore : 429 | New Balance: Rs. 710.00
2026-06-13 15:50:05 [main] INFO  com.raja.aviator.AviatorCalculator -   1525 ❌ LOST! Crashed at 11.52x before reaching 100.00x | last100xBefore : 430 | New Balance: Rs. 700.00
2026-06-13 15:50:05 [main] INFO  com.raja.aviator.AviatorCalculator -   1526 ❌ LOST! Crashed at 9.90x before reaching 100.00x | last100xBefore : 431 | New Balance: Rs. 690.00
2026-06-13 15:50:05 [main] INFO  com.raja.aviator.AviatorCalculator -   1527 ❌ LOST! Crashed at 1.03x before reaching 100.00x | last100xBefore : 432 | New Balance: Rs. 680.00
2026-06-13 15:50:05 [main] INFO  com.raja.aviator.AviatorCalculator -   1528 ❌ LOST! Crashed at 2.28x before reaching 100.00x | last100xBefore : 433 | New Balance: Rs. 670.00
2026-06-13 15:50:05 [main] INFO  com.raja.aviator.AviatorCalculator -   1529 ❌ LOST! Crashed at 6.66x before reaching 100.00x | last100xBefore : 434 | New Balance: Rs. 660.00
2026-06-13 15:50:05 [main] INFO  com.raja.aviator.AviatorCalculator -   1530 ❌ LOST! Crashed at 8.66x before reaching 100.00x | last100xBefore : 435 | New Balance: Rs. 650.00
2026-06-13 15:50:05 [main] INFO  com.raja.aviator.AviatorCalculator -   1531 ❌ LOST! Crashed at 1.57x before reaching 100.00x | last100xBefore : 436 | New Balance: Rs. 640.00
2026-06-13 15:50:05 [main] INFO  com.raja.aviator.AviatorCalculator -   1532 ❌ LOST! Crashed at 1.07x before reaching 100.00x | last100xBefore : 437 | New Balance: Rs. 630.00
2026-06-13 15:50:05 [main] INFO  com.raja.aviator.AviatorCalculator -   1533 ❌ LOST! Crashed at 1.81x before reaching 100.00x | last100xBefore : 438 | New Balance: Rs. 620.00
2026-06-13 15:50:05 [main] INFO  com.raja.aviator.AviatorCalculator -   1534 ❌ LOST! Crashed at 1.02x before reaching 100.00x | last100xBefore : 439 | New Balance: Rs. 610.00
2026-06-13 15:50:05 [main] INFO  com.raja.aviator.AviatorCalculator -   1535 ❌ LOST! Crashed at 2.08x before reaching 100.00x | last100xBefore : 440 | New Balance: Rs. 600.00
2026-06-13 15:50:05 [main] INFO  com.raja.aviator.AviatorCalculator -   1536 ❌ LOST! Crashed at 1.18x before reaching 100.00x | last100xBefore : 441 | New Balance: Rs. 590.00
2026-06-13 15:50:05 [main] INFO  com.raja.aviator.AviatorCalculator -   1537 ❌ LOST! Crashed at 1.00x before reaching 100.00x | last100xBefore : 442 | New Balance: Rs. 580.00
2026-06-13 15:50:05 [main] INFO  com.raja.aviator.AviatorCalculator -   1538 ❌ LOST! Crashed at 1.84x before reaching 100.00x | last100xBefore : 443 | New Balance: Rs. 570.00
2026-06-13 15:50:05 [main] INFO  com.raja.aviator.AviatorCalculator -   1539 ❌ LOST! Crashed at 1.19x before reaching 100.00x | last100xBefore : 444 | New Balance: Rs. 560.00
2026-06-13 15:50:05 [main] INFO  com.raja.aviator.AviatorCalculator -   1540 ❌ LOST! Crashed at 2.62x before reaching 100.00x | last100xBefore : 445 | New Balance: Rs. 550.00
2026-06-13 15:50:05 [main] INFO  com.raja.aviator.AviatorCalculator -   1541 ❌ LOST! Crashed at 1.09x before reaching 100.00x | last100xBefore : 446 | New Balance: Rs. 540.00
2026-06-13 15:50:05 [main] INFO  com.raja.aviator.AviatorCalculator -   1542 ❌ LOST! Crashed at 1.05x before reaching 100.00x | last100xBefore : 447 | New Balance: Rs. 530.00
2026-06-13 15:50:05 [main] INFO  com.raja.aviator.AviatorCalculator -   1543 ❌ LOST! Crashed at 1.14x before reaching 100.00x | last100xBefore : 448 | New Balance: Rs. 520.00
2026-06-13 15:50:05 [main] INFO  com.raja.aviator.AviatorCalculator -   1544 ❌ LOST! Crashed at 1.00x before reaching 100.00x | last100xBefore : 449 | New Balance: Rs. 510.00
2026-06-13 15:50:05 [main] INFO  com.raja.aviator.AviatorCalculator -   2663 ❌ LOST! Crashed at 1.85x before reaching 100.00x | last100xBefore : 1 | New Balance: Rs. 500.00
2026-06-13 15:50:05 [main] INFO  com.raja.aviator.AviatorCalculator -   2664 ❌ LOST! Crashed at 1.00x before reaching 100.00x | last100xBefore : 2 | New Balance: Rs. 490.00
2026-06-13 15:50:05 [main] INFO  com.raja.aviator.AviatorCalculator -   2665 ❌ LOST! Crashed at 1.51x before reaching 100.00x | last100xBefore : 3 | New Balance: Rs. 480.00
2026-06-13 15:50:05 [main] INFO  com.raja.aviator.AviatorCalculator -   2666 ❌ LOST! Crashed at 1.25x before reaching 100.00x | last100xBefore : 4 | New Balance: Rs. 470.00
2026-06-13 15:50:05 [main] INFO  com.raja.aviator.AviatorCalculator -   2667 ❌ LOST! Crashed at 3.46x before reaching 100.00x | last100xBefore : 5 | New Balance: Rs. 460.00
2026-06-13 15:50:05 [main] INFO  com.raja.aviator.AviatorCalculator -   2668 ❌ LOST! Crashed at 1.57x before reaching 100.00x | last100xBefore : 6 | New Balance: Rs. 450.00
2026-06-13 15:50:05 [main] INFO  com.raja.aviator.AviatorCalculator -   2669 ❌ LOST! Crashed at 2.56x before reaching 100.00x | last100xBefore : 7 | New Balance: Rs. 440.00
2026-06-13 15:50:05 [main] INFO  com.raja.aviator.AviatorCalculator -   2670 ❌ LOST! Crashed at 2.04x before reaching 100.00x | last100xBefore : 8 | New Balance: Rs. 430.00
2026-06-13 15:50:05 [main] INFO  com.raja.aviator.AviatorCalculator -   2671 ❌ LOST! Crashed at 1.00x before reaching 100.00x | last100xBefore : 9 | New Balance: Rs. 420.00
2026-06-13 15:50:05 [main] INFO  com.raja.aviator.AviatorCalculator -   2672 ❌ LOST! Crashed at 1.21x before reaching 100.00x | last100xBefore : 10 | New Balance: Rs. 410.00
2026-06-13 15:50:05 [main] INFO  com.raja.aviator.AviatorCalculator -   2673 ❌ LOST! Crashed at 5.88x before reaching 100.00x | last100xBefore : 11 | New Balance: Rs. 400.00
2026-06-13 15:50:05 [main] INFO  com.raja.aviator.AviatorCalculator -   2674 ❌ LOST! Crashed at 1.18x before reaching 100.00x | last100xBefore : 12 | New Balance: Rs. 390.00
2026-06-13 15:50:05 [main] INFO  com.raja.aviator.AviatorCalculator -   2675 ❌ LOST! Crashed at 2.71x before reaching 100.00x | last100xBefore : 13 | New Balance: Rs. 380.00
2026-06-13 15:50:05 [main] INFO  com.raja.aviator.AviatorCalculator -   2676 ❌ LOST! Crashed at 1.19x before reaching 100.00x | last100xBefore : 14 | New Balance: Rs. 370.00
2026-06-13 15:50:05 [main] INFO  com.raja.aviator.AviatorCalculator -   2677 ❌ LOST! Crashed at 1.91x before reaching 100.00x | last100xBefore : 15 | New Balance: Rs. 360.00
2026-06-13 15:50:05 [main] INFO  com.raja.aviator.AviatorCalculator -   2678 ❌ LOST! Crashed at 33.33x before reaching 100.00x | last100xBefore : 16 | New Balance: Rs. 350.00
2026-06-13 15:50:05 [main] INFO  com.raja.aviator.AviatorCalculator -   2679 ❌ LOST! Crashed at 1.10x before reaching 100.00x | last100xBefore : 17 | New Balance: Rs. 340.00
2026-06-13 15:50:05 [main] INFO  com.raja.aviator.AviatorCalculator -   2680 ❌ LOST! Crashed at 1.18x before reaching 100.00x | last100xBefore : 18 | New Balance: Rs. 330.00
2026-06-13 15:50:05 [main] INFO  com.raja.aviator.AviatorCalculator -   2681 ❌ LOST! Crashed at 1.33x before reaching 100.00x | last100xBefore : 19 | New Balance: Rs. 320.00
2026-06-13 15:50:05 [main] INFO  com.raja.aviator.AviatorCalculator -   2682 ❌ LOST! Crashed at 3.20x before reaching 100.00x | last100xBefore : 20 | New Balance: Rs. 310.00
2026-06-13 15:50:05 [main] INFO  com.raja.aviator.AviatorCalculator -   2683 ❌ LOST! Crashed at 44.98x before reaching 100.00x | last100xBefore : 21 | New Balance: Rs. 300.00
2026-06-13 15:50:05 [main] INFO  com.raja.aviator.AviatorCalculator -   2684 ❌ LOST! Crashed at 1.03x before reaching 100.00x | last100xBefore : 22 | New Balance: Rs. 290.00
2026-06-13 15:50:05 [main] INFO  com.raja.aviator.AviatorCalculator -   2685 ❌ LOST! Crashed at 4.19x before reaching 100.00x | last100xBefore : 23 | New Balance: Rs. 280.00
2026-06-13 15:50:05 [main] INFO  com.raja.aviator.AviatorCalculator -   2686 ❌ LOST! Crashed at 1.09x before reaching 100.00x | last100xBefore : 24 | New Balance: Rs. 270.00
2026-06-13 15:50:05 [main] INFO  com.raja.aviator.AviatorCalculator -   2687 ❌ LOST! Crashed at 1.01x before reaching 100.00x | last100xBefore : 25 | New Balance: Rs. 260.00
2026-06-13 15:50:05 [main] INFO  com.raja.aviator.AviatorCalculator -   2688 ❌ LOST! Crashed at 2.68x before reaching 100.00x | last100xBefore : 26 | New Balance: Rs. 250.00
2026-06-13 15:50:05 [main] INFO  com.raja.aviator.AviatorCalculator -   2689 ❌ LOST! Crashed at 3.22x before reaching 100.00x | last100xBefore : 27 | New Balance: Rs. 240.00
2026-06-13 15:50:05 [main] INFO  com.raja.aviator.AviatorCalculator -   2690 ❌ LOST! Crashed at 37.26x before reaching 100.00x | last100xBefore : 28 | New Balance: Rs. 230.00
2026-06-13 15:50:05 [main] INFO  com.raja.aviator.AviatorCalculator -   2691 ❌ LOST! Crashed at 1.91x before reaching 100.00x | last100xBefore : 29 | New Balance: Rs. 220.00
2026-06-13 15:50:05 [main] INFO  com.raja.aviator.AviatorCalculator -   2692 ❌ LOST! Crashed at 1.08x before reaching 100.00x | last100xBefore : 30 | New Balance: Rs. 210.00
2026-06-13 15:50:05 [main] INFO  com.raja.aviator.AviatorCalculator -   2693 ❌ LOST! Crashed at 13.17x before reaching 100.00x | last100xBefore : 31 | New Balance: Rs. 200.00
2026-06-13 15:50:05 [main] INFO  com.raja.aviator.AviatorCalculator -   2694 ❌ LOST! Crashed at 1.08x before reaching 100.00x | last100xBefore : 32 | New Balance: Rs. 190.00
2026-06-13 15:50:05 [main] INFO  com.raja.aviator.AviatorCalculator -   2695 ❌ LOST! Crashed at 37.73x before reaching 100.00x | last100xBefore : 33 | New Balance: Rs. 180.00
2026-06-13 15:50:05 [main] INFO  com.raja.aviator.AviatorCalculator -   2696 ❌ LOST! Crashed at 1.00x before reaching 100.00x | last100xBefore : 34 | New Balance: Rs. 170.00
2026-06-13 15:50:05 [main] INFO  com.raja.aviator.AviatorCalculator -   2697 ❌ LOST! Crashed at 3.96x before reaching 100.00x | last100xBefore : 35 | New Balance: Rs. 160.00
2026-06-13 15:50:05 [main] INFO  com.raja.aviator.AviatorCalculator -   2698 ❌ LOST! Crashed at 12.11x before reaching 100.00x | last100xBefore : 36 | New Balance: Rs. 150.00
2026-06-13 15:50:05 [main] INFO  com.raja.aviator.AviatorCalculator -   2699 ❌ LOST! Crashed at 4.35x before reaching 100.00x | last100xBefore : 37 | New Balance: Rs. 140.00
2026-06-13 15:50:05 [main] INFO  com.raja.aviator.AviatorCalculator -   2700 ❌ LOST! Crashed at 1.80x before reaching 100.00x | last100xBefore : 38 | New Balance: Rs. 130.00
2026-06-13 15:50:05 [main] INFO  com.raja.aviator.AviatorCalculator -   2701 ❌ LOST! Crashed at 2.35x before reaching 100.00x | last100xBefore : 39 | New Balance: Rs. 120.00
2026-06-13 15:50:05 [main] INFO  com.raja.aviator.AviatorCalculator -   2702 ❌ LOST! Crashed at 1.65x before reaching 100.00x | last100xBefore : 40 | New Balance: Rs. 110.00
2026-06-13 15:50:05 [main] INFO  com.raja.aviator.AviatorCalculator -   2703 ❌ LOST! Crashed at 3.42x before reaching 100.00x | last100xBefore : 41 | New Balance: Rs. 100.00
2026-06-13 15:50:05 [main] INFO  com.raja.aviator.AviatorCalculator -   2704 ❌ LOST! Crashed at 1.07x before reaching 100.00x | last100xBefore : 42 | New Balance: Rs. 90.00
2026-06-13 15:50:05 [main] INFO  com.raja.aviator.AviatorCalculator -   2705 ❌ LOST! Crashed at 1.00x before reaching 100.00x | last100xBefore : 43 | New Balance: Rs. 80.00
2026-06-13 15:50:05 [main] INFO  com.raja.aviator.AviatorCalculator -   2706 ❌ LOST! Crashed at 1.50x before reaching 100.00x | last100xBefore : 44 | New Balance: Rs. 70.00
2026-06-13 15:50:05 [main] INFO  com.raja.aviator.AviatorCalculator -   2707 ❌ LOST! Crashed at 2.61x before reaching 100.00x | last100xBefore : 45 | New Balance: Rs. 60.00
2026-06-13 15:50:05 [main] INFO  com.raja.aviator.AviatorCalculator -   2708 ❌ LOST! Crashed at 2.32x before reaching 100.00x | last100xBefore : 46 | New Balance: Rs. 50.00
2026-06-13 15:50:05 [main] INFO  com.raja.aviator.AviatorCalculator -   2709 ❌ LOST! Crashed at 1.15x before reaching 100.00x | last100xBefore : 47 | New Balance: Rs. 40.00
2026-06-13 15:50:05 [main] INFO  com.raja.aviator.AviatorCalculator -   2710 ❌ LOST! Crashed at 3.22x before reaching 100.00x | last100xBefore : 48 | New Balance: Rs. 30.00
2026-06-13 15:50:05 [main] INFO  com.raja.aviator.AviatorCalculator -   2711 ❌ LOST! Crashed at 8.34x before reaching 100.00x | last100xBefore : 49 | New Balance: Rs. 20.00
2026-06-13 15:50:05 [main] INFO  com.raja.aviator.AviatorCalculator -   3092 ❌ LOST! Crashed at 1.19x before reaching 100.00x | last100xBefore : 1 | New Balance: Rs. 10.00
2026-06-13 15:50:05 [main] INFO  com.raja.aviator.AviatorCalculator -   3093 ❌ LOST! Crashed at 6.24x before reaching 100.00x | last100xBefore : 2 | New Balance: Rs. 0.00
2026-06-13 15:50:05 [main] INFO  com.raja.aviator.AviatorCalculator - === Simulation Ended ===
2026-06-13 15:50:05 [main] INFO  com.raja.aviator.AviatorCalculator - Final Account Balance: Rs. 0.0 | TotalBet : 2103 | total Won Bet : 0
